mode: set
github.com/wirerift/wirerift/internal/client/client.go:55.29,63.2 1 1
github.com/wirerift/wirerift/internal/client/client.go:100.54,101.19 1 1
github.com/wirerift/wirerift/internal/client/client.go:101.19,103.3 1 1
github.com/wirerift/wirerift/internal/client/client.go:105.2,112.3 2 1
github.com/wirerift/wirerift/internal/client/client.go:116.34,117.36 1 1
github.com/wirerift/wirerift/internal/client/client.go:117.36,119.3 1 1
github.com/wirerift/wirerift/internal/client/client.go:122.2,123.12 2 1
github.com/wirerift/wirerift/internal/client/client.go:123.12,126.3 2 1
github.com/wirerift/wirerift/internal/client/client.go:129.2,130.12 2 1
github.com/wirerift/wirerift/internal/client/client.go:130.12,133.3 2 1
github.com/wirerift/wirerift/internal/client/client.go:136.2,136.24 1 1
github.com/wirerift/wirerift/internal/client/client.go:136.24,138.13 2 1
github.com/wirerift/wirerift/internal/client/client.go:138.13,141.4 2 1
github.com/wirerift/wirerift/internal/client/client.go:144.2,144.12 1 1
github.com/wirerift/wirerift/internal/client/client.go:148.34,153.31 3 1
github.com/wirerift/wirerift/internal/client/client.go:153.31,155.3 1 1
github.com/wirerift/wirerift/internal/client/client.go:155.8,157.3 1 1
github.com/wirerift/wirerift/internal/client/client.go:159.2,159.16 1 1
github.com/wirerift/wirerift/internal/client/client.go:159.16,161.3 1 1
github.com/wirerift/wirerift/internal/client/client.go:163.2,173.41 5 1
github.com/wirerift/wirerift/internal/client/client.go:173.41,176.3 2 1
github.com/wirerift/wirerift/internal/client/client.go:178.2,181.12 3 1
github.com/wirerift/wirerift/internal/client/client.go:185.39,194.60 3 1
github.com/wirerift/wirerift/internal/client/client.go:194.60,196.3 1 1
github.com/wirerift/wirerift/internal/client/client.go:199.2,200.9 2 1
github.com/wirerift/wirerift/internal/client/client.go:201.35,202.16 1 1
github.com/wirerift/wirerift/internal/client/client.go:203.22,204.41 1 1
github.com/wirerift/wirerift/internal/client/client.go:205.22,206.33 1 1
github.com/wirerift/wirerift/internal/client/client.go:209.2,209.42 1 1
github.com/wirerift/wirerift/internal/client/client.go:209.42,211.3 1 1
github.com/wirerift/wirerift/internal/client/client.go:213.2,214.69 2 1
github.com/wirerift/wirerift/internal/client/client.go:214.69,216.3 1 1
github.com/wirerift/wirerift/internal/client/client.go:218.2,218.17 1 1
github.com/wirerift/wirerift/internal/client/client.go:218.17,220.3 1 1
github.com/wirerift/wirerift/internal/client/client.go:222.2,225.12 3 1
github.com/wirerift/wirerift/internal/client/client.go:229.32,232.18 2 1
github.com/wirerift/wirerift/internal/client/client.go:232.18,234.3 1 1
github.com/wirerift/wirerift/internal/client/client.go:235.2,235.19 1 1
github.com/wirerift/wirerift/internal/client/client.go:235.19,237.3 1 1
github.com/wirerift/wirerift/internal/client/client.go:239.2,240.12 2 1
github.com/wirerift/wirerift/internal/client/client.go:244.78,245.25 1 1
github.com/wirerift/wirerift/internal/client/client.go:245.25,247.3 1 1
github.com/wirerift/wirerift/internal/client/client.go:249.2,254.27 2 1
github.com/wirerift/wirerift/internal/client/client.go:254.27,256.3 1 1
github.com/wirerift/wirerift/internal/client/client.go:258.2,258.26 1 1
github.com/wirerift/wirerift/internal/client/client.go:262.67,263.25 1 1
github.com/wirerift/wirerift/internal/client/client.go:263.25,265.3 1 1
github.com/wirerift/wirerift/internal/client/client.go:267.2,273.26 2 1
github.com/wirerift/wirerift/internal/client/client.go:277.72,281.60 2 1
github.com/wirerift/wirerift/internal/client/client.go:281.60,283.3 1 1
github.com/wirerift/wirerift/internal/client/client.go:286.2,287.9 2 1
github.com/wirerift/wirerift/internal/client/client.go:288.35,289.16 1 1
github.com/wirerift/wirerift/internal/client/client.go:290.22,291.46 1 1
github.com/wirerift/wirerift/internal/client/client.go:292.22,293.38 1 1
github.com/wirerift/wirerift/internal/client/client.go:296.2,296.44 1 1
github.com/wirerift/wirerift/internal/client/client.go:296.44,298.3 1 1
github.com/wirerift/wirerift/internal/client/client.go:300.2,301.65 2 1
github.com/wirerift/wirerift/internal/client/client.go:301.65,303.3 1 1
github.com/wirerift/wirerift/internal/client/client.go:305.2,305.13 1 1
github.com/wirerift/wirerift/internal/client/client.go:305.13,307.3 1 1
github.com/wirerift/wirerift/internal/client/client.go:309.2,323.20 4 1
github.com/wirerift/wirerift/internal/client/client.go:327.47,328.18 1 1
github.com/wirerift/wirerift/internal/client/client.go:328.18,330.3 1 1
github.com/wirerift/wirerift/internal/client/client.go:332.2,336.60 3 1
github.com/wirerift/wirerift/internal/client/client.go:336.60,338.3 1 1
github.com/wirerift/wirerift/internal/client/client.go:340.2,343.12 3 1
github.com/wirerift/wirerift/internal/client/client.go:347.37,349.2 1 1
github.com/wirerift/wirerift/internal/client/client.go:352.37,354.2 1 1
github.com/wirerift/wirerift/internal/client/client.go:357.51,358.18 1 1
github.com/wirerift/wirerift/internal/client/client.go:358.18,360.3 1 1
github.com/wirerift/wirerift/internal/client/client.go:361.2,361.31 1 1
github.com/wirerift/wirerift/internal/client/client.go:365.51,366.18 1 1
github.com/wirerift/wirerift/internal/client/client.go:366.18,368.3 1 1
github.com/wirerift/wirerift/internal/client/client.go:369.2,369.31 1 1
github.com/wirerift/wirerift/internal/client/client.go:373.34,377.6 3 1
github.com/wirerift/wirerift/internal/client/client.go:377.6,378.10 1 1
github.com/wirerift/wirerift/internal/client/client.go:379.23,380.10 1 1
github.com/wirerift/wirerift/internal/client/client.go:381.19,382.27 1 1
github.com/wirerift/wirerift/internal/client/client.go:382.27,383.13 1 1
github.com/wirerift/wirerift/internal/client/client.go:386.4,393.62 2 1
github.com/wirerift/wirerift/internal/client/client.go:393.62,395.5 1 1
github.com/wirerift/wirerift/internal/client/client.go:396.23,399.10 3 1
github.com/wirerift/wirerift/internal/client/client.go:405.34,408.6 2 1
github.com/wirerift/wirerift/internal/client/client.go:408.6,409.10 1 1
github.com/wirerift/wirerift/internal/client/client.go:410.23,411.10 1 1
github.com/wirerift/wirerift/internal/client/client.go:412.23,413.27 1 1
github.com/wirerift/wirerift/internal/client/client.go:413.27,415.5 1 1
github.com/wirerift/wirerift/internal/client/client.go:417.4,420.11 3 1
github.com/wirerift/wirerift/internal/client/client.go:421.24,422.11 1 1
github.com/wirerift/wirerift/internal/client/client.go:423.32,423.32 0 1
github.com/wirerift/wirerift/internal/client/client.go:426.4,426.38 1 1
github.com/wirerift/wirerift/internal/client/client.go:426.38,429.49 3 1
github.com/wirerift/wirerift/internal/client/client.go:429.49,431.6 1 1
github.com/wirerift/wirerift/internal/client/client.go:432.5,432.13 1 1
github.com/wirerift/wirerift/internal/client/client.go:435.4,435.41 1 1
github.com/wirerift/wirerift/internal/client/client.go:444.49,445.40 1 1
github.com/wirerift/wirerift/internal/client/client.go:445.40,447.3 1 1
github.com/wirerift/wirerift/internal/client/client.go:451.31,452.40 1 1
github.com/wirerift/wirerift/internal/client/client.go:452.40,454.3 1 1
github.com/wirerift/wirerift/internal/client/client.go:458.53,459.40 1 1
github.com/wirerift/wirerift/internal/client/client.go:459.40,465.3 1 1
github.com/wirerift/wirerift/internal/client/client.go:469.56,470.40 1 1
github.com/wirerift/wirerift/internal/client/client.go:470.40,472.3 1 1
github.com/wirerift/wirerift/internal/client/client.go:476.32,478.2 1 1
github.com/wirerift/wirerift/internal/client/client.go:481.40,483.2 1 1
github.com/wirerift/wirerift/internal/client/client.go:486.40,488.2 1 1
github.com/wirerift/wirerift/internal/client/client.go:491.34,492.6 1 1
github.com/wirerift/wirerift/internal/client/client.go:492.6,494.17 2 1
github.com/wirerift/wirerift/internal/client/client.go:494.17,496.4 1 1
github.com/wirerift/wirerift/internal/client/client.go:497.3,497.28 1 1
github.com/wirerift/wirerift/internal/client/client.go:502.51,506.18 3 1
github.com/wirerift/wirerift/internal/client/client.go:507.14,508.29 1 1
github.com/wirerift/wirerift/internal/client/client.go:509.13,510.28 1 1
github.com/wirerift/wirerift/internal/client/client.go:511.10,512.17 1 1
github.com/wirerift/wirerift/internal/client/client.go:517.55,520.19 2 1
github.com/wirerift/wirerift/internal/client/client.go:520.19,523.3 2 1
github.com/wirerift/wirerift/internal/client/client.go:526.2,528.16 3 1
github.com/wirerift/wirerift/internal/client/client.go:528.16,530.3 1 1
github.com/wirerift/wirerift/internal/client/client.go:533.2,538.16 5 1
github.com/wirerift/wirerift/internal/client/client.go:538.16,543.3 3 1
github.com/wirerift/wirerift/internal/client/client.go:544.2,547.20 2 1
github.com/wirerift/wirerift/internal/client/client.go:551.54,553.19 2 1
github.com/wirerift/wirerift/internal/client/client.go:553.19,556.3 2 1
github.com/wirerift/wirerift/internal/client/client.go:559.2,560.16 2 1
github.com/wirerift/wirerift/internal/client/client.go:560.16,562.3 1 1
github.com/wirerift/wirerift/internal/client/client.go:563.2,568.12 4 1
github.com/wirerift/wirerift/internal/client/client.go:568.12,571.3 2 1
github.com/wirerift/wirerift/internal/client/client.go:572.2,572.12 1 1
github.com/wirerift/wirerift/internal/client/client.go:572.12,575.3 2 1
github.com/wirerift/wirerift/internal/client/client.go:576.2,576.11 1 1
github.com/wirerift/wirerift/internal/client/client.go:580.66,582.43 2 1
github.com/wirerift/wirerift/internal/client/client.go:582.43,584.3 1 1
github.com/wirerift/wirerift/internal/client/client.go:585.2,585.12 1 1
