mode: set
github.com/wirerift/wirerift/internal/mux/mux.go:41.29,49.2 1 1
github.com/wirerift/wirerift/internal/mux/mux.go:75.45,76.28 1 1
github.com/wirerift/wirerift/internal/mux/mux.go:76.28,78.3 1 1
github.com/wirerift/wirerift/internal/mux/mux.go:79.2,79.28 1 1
github.com/wirerift/wirerift/internal/mux/mux.go:79.28,81.3 1 1
github.com/wirerift/wirerift/internal/mux/mux.go:82.2,82.30 1 1
github.com/wirerift/wirerift/internal/mux/mux.go:82.30,84.3 1 1
github.com/wirerift/wirerift/internal/mux/mux.go:86.2,98.10 3 1
github.com/wirerift/wirerift/internal/mux/mux.go:102.45,103.9 1 1
github.com/wirerift/wirerift/internal/mux/mux.go:104.16,105.27 1 1
github.com/wirerift/wirerift/internal/mux/mux.go:106.10,106.10 0 1
github.com/wirerift/wirerift/internal/mux/mux.go:110.2,111.28 2 1
github.com/wirerift/wirerift/internal/mux/mux.go:111.28,113.3 1 1
github.com/wirerift/wirerift/internal/mux/mux.go:115.2,118.20 3 1
github.com/wirerift/wirerift/internal/mux/mux.go:122.47,123.9 1 1
github.com/wirerift/wirerift/internal/mux/mux.go:124.28,125.21 1 1
github.com/wirerift/wirerift/internal/mux/mux.go:126.16,127.21 1 1
github.com/wirerift/wirerift/internal/mux/mux.go:132.29,134.2 1 1
github.com/wirerift/wirerift/internal/mux/mux.go:137.47,141.9 3 1
github.com/wirerift/wirerift/internal/mux/mux.go:142.16,143.13 1 1
github.com/wirerift/wirerift/internal/mux/mux.go:144.10,144.10 0 1
github.com/wirerift/wirerift/internal/mux/mux.go:147.2,151.44 3 1
github.com/wirerift/wirerift/internal/mux/mux.go:151.44,152.40 1 1
github.com/wirerift/wirerift/internal/mux/mux.go:152.40,154.4 1 1
github.com/wirerift/wirerift/internal/mux/mux.go:155.3,155.14 1 1
github.com/wirerift/wirerift/internal/mux/mux.go:158.2,158.23 1 1
github.com/wirerift/wirerift/internal/mux/mux.go:162.38,164.2 1 1
github.com/wirerift/wirerift/internal/mux/mux.go:167.27,168.33 1 1
github.com/wirerift/wirerift/internal/mux/mux.go:168.33,170.3 1 1
github.com/wirerift/wirerift/internal/mux/mux.go:171.2,171.12 1 1
github.com/wirerift/wirerift/internal/mux/mux.go:175.36,177.2 1 1
github.com/wirerift/wirerift/internal/mux/mux.go:180.37,182.2 1 1
github.com/wirerift/wirerift/internal/mux/mux.go:185.51,187.2 1 1
github.com/wirerift/wirerift/internal/mux/mux.go:190.51,192.2 1 1
github.com/wirerift/wirerift/internal/mux/mux.go:195.27,196.6 1 1
github.com/wirerift/wirerift/internal/mux/mux.go:196.6,198.17 2 1
github.com/wirerift/wirerift/internal/mux/mux.go:198.17,200.4 1 1
github.com/wirerift/wirerift/internal/mux/mux.go:202.3,202.46 1 1
github.com/wirerift/wirerift/internal/mux/mux.go:202.46,204.4 1 1
github.com/wirerift/wirerift/internal/mux/mux.go:209.53,210.20 1 1
github.com/wirerift/wirerift/internal/mux/mux.go:211.29,212.35 1 1
github.com/wirerift/wirerift/internal/mux/mux.go:213.29,214.35 1 1
github.com/wirerift/wirerift/internal/mux/mux.go:215.30,216.36 1 1
github.com/wirerift/wirerift/internal/mux/mux.go:217.28,218.34 1 1
github.com/wirerift/wirerift/internal/mux/mux.go:219.31,220.37 1 1
github.com/wirerift/wirerift/internal/mux/mux.go:221.28,222.34 1 1
github.com/wirerift/wirerift/internal/mux/mux.go:223.31,224.37 1 1
github.com/wirerift/wirerift/internal/mux/mux.go:225.25,226.31 1 1
github.com/wirerift/wirerift/internal/mux/mux.go:227.24,228.30 1 1
github.com/wirerift/wirerift/internal/mux/mux.go:229.114,230.37 1 1
github.com/wirerift/wirerift/internal/mux/mux.go:231.10,233.13 1 1
github.com/wirerift/wirerift/internal/mux/mux.go:238.60,239.9 1 1
github.com/wirerift/wirerift/internal/mux/mux.go:240.16,241.22 1 1
github.com/wirerift/wirerift/internal/mux/mux.go:242.10,242.10 0 1
github.com/wirerift/wirerift/internal/mux/mux.go:245.2,245.9 1 1
github.com/wirerift/wirerift/internal/mux/mux.go:246.28,247.13 1 1
github.com/wirerift/wirerift/internal/mux/mux.go:248.16,249.22 1 0
github.com/wirerift/wirerift/internal/mux/mux.go:254.50,256.2 1 1
github.com/wirerift/wirerift/internal/mux/mux.go:259.58,261.61 2 1
github.com/wirerift/wirerift/internal/mux/mux.go:261.61,263.3 1 1
github.com/wirerift/wirerift/internal/mux/mux.go:265.2,270.9 4 1
github.com/wirerift/wirerift/internal/mux/mux.go:271.26,271.26 0 1
github.com/wirerift/wirerift/internal/mux/mux.go:272.10,274.17 1 1
github.com/wirerift/wirerift/internal/mux/mux.go:277.2,277.12 1 1
github.com/wirerift/wirerift/internal/mux/mux.go:281.58,283.9 2 1
github.com/wirerift/wirerift/internal/mux/mux.go:283.9,287.3 2 1
github.com/wirerift/wirerift/internal/mux/mux.go:289.2,289.42 1 1
github.com/wirerift/wirerift/internal/mux/mux.go:293.59,295.9 2 1
github.com/wirerift/wirerift/internal/mux/mux.go:295.9,297.3 1 1
github.com/wirerift/wirerift/internal/mux/mux.go:299.2,300.12 2 1
github.com/wirerift/wirerift/internal/mux/mux.go:304.57,306.9 2 1
github.com/wirerift/wirerift/internal/mux/mux.go:306.9,308.3 1 1
github.com/wirerift/wirerift/internal/mux/mux.go:310.2,311.12 2 1
github.com/wirerift/wirerift/internal/mux/mux.go:315.60,317.61 2 1
github.com/wirerift/wirerift/internal/mux/mux.go:317.61,319.3 1 1
github.com/wirerift/wirerift/internal/mux/mux.go:321.2,322.9 2 1
github.com/wirerift/wirerift/internal/mux/mux.go:322.9,324.3 1 1
github.com/wirerift/wirerift/internal/mux/mux.go:326.2,327.12 2 1
github.com/wirerift/wirerift/internal/mux/mux.go:331.57,339.2 2 1
github.com/wirerift/wirerift/internal/mux/mux.go:342.60,345.2 1 1
github.com/wirerift/wirerift/internal/mux/mux.go:348.54,350.2 1 1
github.com/wirerift/wirerift/internal/mux/mux.go:353.53,355.61 2 1
github.com/wirerift/wirerift/internal/mux/mux.go:355.61,357.3 1 1
github.com/wirerift/wirerift/internal/mux/mux.go:358.2,358.32 1 1
github.com/wirerift/wirerift/internal/mux/mux.go:362.65,370.2 2 1
github.com/wirerift/wirerift/internal/mux/mux.go:373.54,381.2 2 1
github.com/wirerift/wirerift/internal/mux/mux.go:384.54,392.2 2 1
github.com/wirerift/wirerift/internal/mux/mux.go:395.69,403.2 3 1
github.com/wirerift/wirerift/internal/mux/mux.go:406.52,407.37 1 1
github.com/wirerift/wirerift/internal/mux/mux.go:407.37,409.3 1 1
github.com/wirerift/wirerift/internal/mux/mux.go:410.2,410.19 1 1
github.com/wirerift/wirerift/internal/mux/mux.go:414.39,416.2 1 1
github.com/wirerift/wirerift/internal/mux/mux.go:419.43,421.2 1 1
github.com/wirerift/wirerift/internal/mux/ringbuffer.go:26.42,27.15 1 1
github.com/wirerift/wirerift/internal/mux/ringbuffer.go:27.15,29.3 1 1
github.com/wirerift/wirerift/internal/mux/ringbuffer.go:30.2,33.3 1 1
github.com/wirerift/wirerift/internal/mux/ringbuffer.go:38.55,39.20 1 1
github.com/wirerift/wirerift/internal/mux/ringbuffer.go:39.20,41.3 1 1
github.com/wirerift/wirerift/internal/mux/ringbuffer.go:43.2,48.27 4 1
github.com/wirerift/wirerift/internal/mux/ringbuffer.go:48.27,52.3 2 1
github.com/wirerift/wirerift/internal/mux/ringbuffer.go:54.2,55.32 2 1
github.com/wirerift/wirerift/internal/mux/ringbuffer.go:55.32,60.3 4 1
github.com/wirerift/wirerift/internal/mux/ringbuffer.go:62.2,62.15 1 1
github.com/wirerift/wirerift/internal/mux/ringbuffer.go:67.51,68.17 1 1
github.com/wirerift/wirerift/internal/mux/ringbuffer.go:68.17,70.3 1 1
github.com/wirerift/wirerift/internal/mux/ringbuffer.go:72.2,75.24 3 1
github.com/wirerift/wirerift/internal/mux/ringbuffer.go:75.24,77.3 1 1
github.com/wirerift/wirerift/internal/mux/ringbuffer.go:79.2,80.40 2 1
github.com/wirerift/wirerift/internal/mux/ringbuffer.go:80.40,85.3 4 1
github.com/wirerift/wirerift/internal/mux/ringbuffer.go:87.2,87.15 1 1
github.com/wirerift/wirerift/internal/mux/ringbuffer.go:91.33,95.2 3 1
github.com/wirerift/wirerift/internal/mux/ringbuffer.go:98.39,102.2 3 1
github.com/wirerift/wirerift/internal/mux/ringbuffer.go:105.31,111.2 5 1
github.com/wirerift/wirerift/internal/mux/ringbuffer.go:114.47,115.24 1 1
github.com/wirerift/wirerift/internal/mux/ringbuffer.go:115.24,117.3 1 1
github.com/wirerift/wirerift/internal/mux/ringbuffer.go:120.2,123.24 2 1
github.com/wirerift/wirerift/internal/mux/ringbuffer.go:123.24,124.18 1 1
github.com/wirerift/wirerift/internal/mux/ringbuffer.go:124.18,126.4 1 1
github.com/wirerift/wirerift/internal/mux/ringbuffer.go:126.9,129.4 2 1
github.com/wirerift/wirerift/internal/mux/ringbuffer.go:132.2,136.27 5 1
github.com/wirerift/wirerift/internal/mux/ringbuffer.go:140.39,141.13 1 1
github.com/wirerift/wirerift/internal/mux/ringbuffer.go:141.13,143.3 1 1
github.com/wirerift/wirerift/internal/mux/ringbuffer.go:144.2,144.18 1 1
github.com/wirerift/wirerift/internal/mux/ringbuffer.go:144.18,146.3 1 1
github.com/wirerift/wirerift/internal/mux/ringbuffer.go:147.2,147.30 1 1
github.com/wirerift/wirerift/internal/mux/ringbuffer.go:151.45,152.13 1 1
github.com/wirerift/wirerift/internal/mux/ringbuffer.go:152.13,154.3 1 1
github.com/wirerift/wirerift/internal/mux/ringbuffer.go:155.2,155.18 1 1
github.com/wirerift/wirerift/internal/mux/ringbuffer.go:155.18,157.3 1 1
github.com/wirerift/wirerift/internal/mux/ringbuffer.go:158.2,158.20 1 1
github.com/wirerift/wirerift/internal/mux/ringbuffer.go:162.44,164.2 1 1
github.com/wirerift/wirerift/internal/mux/stream.go:50.61,60.2 3 1
github.com/wirerift/wirerift/internal/mux/stream.go:63.30,65.2 1 1
github.com/wirerift/wirerift/internal/mux/stream.go:68.38,70.2 1 1
github.com/wirerift/wirerift/internal/mux/stream.go:73.36,75.2 1 1
github.com/wirerift/wirerift/internal/mux/stream.go:78.39,79.18 1 1
github.com/wirerift/wirerift/internal/mux/stream.go:79.18,81.3 1 1
github.com/wirerift/wirerift/internal/mux/stream.go:82.2,82.12 1 1
github.com/wirerift/wirerift/internal/mux/stream.go:86.36,88.2 1 1
github.com/wirerift/wirerift/internal/mux/stream.go:91.69,95.2 3 1
github.com/wirerift/wirerift/internal/mux/stream.go:98.52,99.6 1 1
github.com/wirerift/wirerift/internal/mux/stream.go:99.6,102.12 2 1
github.com/wirerift/wirerift/internal/mux/stream.go:102.12,104.4 1 1
github.com/wirerift/wirerift/internal/mux/stream.go:107.3,108.73 2 1
github.com/wirerift/wirerift/internal/mux/stream.go:108.73,110.4 1 1
github.com/wirerift/wirerift/internal/mux/stream.go:111.3,111.32 1 1
github.com/wirerift/wirerift/internal/mux/stream.go:111.32,113.4 1 1
github.com/wirerift/wirerift/internal/mux/stream.go:116.3,116.10 1 1
github.com/wirerift/wirerift/internal/mux/stream.go:117.19,117.19 0 0
github.com/wirerift/wirerift/internal/mux/stream.go:119.21,120.20 1 1
github.com/wirerift/wirerift/internal/mux/stream.go:126.56,128.11 2 1
github.com/wirerift/wirerift/internal/mux/stream.go:128.11,130.65 1 1
github.com/wirerift/wirerift/internal/mux/stream.go:130.65,132.4 1 1
github.com/wirerift/wirerift/internal/mux/stream.go:134.2,134.15 1 1
github.com/wirerift/wirerift/internal/mux/stream.go:138.53,140.71 2 1
github.com/wirerift/wirerift/internal/mux/stream.go:140.71,142.3 1 1
github.com/wirerift/wirerift/internal/mux/stream.go:143.2,143.31 1 1
github.com/wirerift/wirerift/internal/mux/stream.go:143.31,145.3 1 1
github.com/wirerift/wirerift/internal/mux/stream.go:148.2,149.21 2 1
github.com/wirerift/wirerift/internal/mux/stream.go:149.21,152.18 2 1
github.com/wirerift/wirerift/internal/mux/stream.go:152.18,154.11 1 1
github.com/wirerift/wirerift/internal/mux/stream.go:155.22,156.13 1 1
github.com/wirerift/wirerift/internal/mux/stream.go:157.22,158.25 1 1
github.com/wirerift/wirerift/internal/mux/stream.go:163.3,164.26 2 1
github.com/wirerift/wirerift/internal/mux/stream.go:164.26,166.4 1 1
github.com/wirerift/wirerift/internal/mux/stream.go:167.3,167.33 1 1
github.com/wirerift/wirerift/internal/mux/stream.go:167.33,169.4 1 1
github.com/wirerift/wirerift/internal/mux/stream.go:172.3,172.73 1 1
github.com/wirerift/wirerift/internal/mux/stream.go:172.73,174.4 1 1
github.com/wirerift/wirerift/internal/mux/stream.go:176.3,177.17 2 1
github.com/wirerift/wirerift/internal/mux/stream.go:180.2,180.19 1 1
github.com/wirerift/wirerift/internal/mux/stream.go:184.32,186.24 2 1
github.com/wirerift/wirerift/internal/mux/stream.go:186.24,188.33 2 1
github.com/wirerift/wirerift/internal/mux/stream.go:188.33,190.4 1 1
github.com/wirerift/wirerift/internal/mux/stream.go:190.9,190.50 1 1
github.com/wirerift/wirerift/internal/mux/stream.go:190.50,192.4 1 1
github.com/wirerift/wirerift/internal/mux/stream.go:195.3,195.10 1 1
github.com/wirerift/wirerift/internal/mux/stream.go:196.21,196.21 0 0
github.com/wirerift/wirerift/internal/mux/stream.go:198.11,199.37 1 1
github.com/wirerift/wirerift/internal/mux/stream.go:203.3,203.14 1 1
github.com/wirerift/wirerift/internal/mux/stream.go:205.2,205.12 1 1
github.com/wirerift/wirerift/internal/mux/stream.go:209.36,211.32 2 1
github.com/wirerift/wirerift/internal/mux/stream.go:211.32,213.3 1 1
github.com/wirerift/wirerift/internal/mux/stream.go:213.8,213.48 1 1
github.com/wirerift/wirerift/internal/mux/stream.go:213.48,215.3 1 1
github.com/wirerift/wirerift/internal/mux/stream.go:216.2,216.12 1 1
github.com/wirerift/wirerift/internal/mux/stream.go:220.32,224.9 2 1
github.com/wirerift/wirerift/internal/mux/stream.go:225.20,225.20 0 0
github.com/wirerift/wirerift/internal/mux/stream.go:227.10,228.30 1 1
github.com/wirerift/wirerift/internal/mux/stream.go:231.2,232.12 2 1
github.com/wirerift/wirerift/internal/mux/stream.go:236.28,237.22 1 1
github.com/wirerift/wirerift/internal/mux/stream.go:237.22,239.3 1 1
github.com/wirerift/wirerift/internal/mux/stream.go:240.2,240.26 1 1
github.com/wirerift/wirerift/internal/mux/stream.go:244.49,249.9 2 1
github.com/wirerift/wirerift/internal/mux/stream.go:250.30,250.30 0 1
github.com/wirerift/wirerift/internal/mux/stream.go:251.10,251.10 0 0
github.com/wirerift/wirerift/internal/mux/stream.go:254.2,254.12 1 1
github.com/wirerift/wirerift/internal/mux/stream.go:258.47,262.9 2 1
github.com/wirerift/wirerift/internal/mux/stream.go:263.32,263.32 0 1
github.com/wirerift/wirerift/internal/mux/stream.go:264.10,264.10 0 0
github.com/wirerift/wirerift/internal/mux/stream.go:269.33,271.32 2 1
github.com/wirerift/wirerift/internal/mux/stream.go:271.32,273.3 1 1
github.com/wirerift/wirerift/internal/mux/stream.go:273.8,273.48 1 1
github.com/wirerift/wirerift/internal/mux/stream.go:273.48,275.3 1 1
github.com/wirerift/wirerift/internal/mux/stream.go:278.2,278.9 1 1
github.com/wirerift/wirerift/internal/mux/stream.go:279.30,279.30 0 1
github.com/wirerift/wirerift/internal/mux/stream.go:280.10,280.10 0 0
github.com/wirerift/wirerift/internal/mux/stream.go:285.33,289.9 2 1
github.com/wirerift/wirerift/internal/mux/stream.go:290.30,290.30 0 1
github.com/wirerift/wirerift/internal/mux/stream.go:291.10,291.10 0 1
github.com/wirerift/wirerift/internal/mux/stream.go:293.2,293.9 1 1
github.com/wirerift/wirerift/internal/mux/stream.go:294.32,294.32 0 1
github.com/wirerift/wirerift/internal/mux/stream.go:295.10,295.10 0 1
github.com/wirerift/wirerift/internal/mux/stream.go:300.34,303.2 2 1
