mode: set
github.com/wirerift/wirerift/internal/server/http_proxy.go:22.69,23.18 1 1
github.com/wirerift/wirerift/internal/server/http_proxy.go:23.18,25.3 1 1
github.com/wirerift/wirerift/internal/server/http_proxy.go:26.2,30.20 1 1
github.com/wirerift/wirerift/internal/server/http_proxy.go:30.20,32.5 1 1
github.com/wirerift/wirerift/internal/server/http_proxy.go:38.114,45.41 4 1
github.com/wirerift/wirerift/internal/server/http_proxy.go:45.41,47.3 1 1
github.com/wirerift/wirerift/internal/server/http_proxy.go:56.2,56.38 1 1
github.com/wirerift/wirerift/internal/server/http_proxy.go:78.56,90.36 8 1
github.com/wirerift/wirerift/internal/server/http_proxy.go:90.36,91.32 1 1
github.com/wirerift/wirerift/internal/server/http_proxy.go:91.32,96.4 4 1
github.com/wirerift/wirerift/internal/server/http_proxy.go:100.2,104.18 5 1
github.com/wirerift/wirerift/internal/server/http_proxy.go:104.18,106.3 1 1
github.com/wirerift/wirerift/internal/server/http_proxy.go:106.8,108.3 1 1
github.com/wirerift/wirerift/internal/server/http_proxy.go:109.2,118.19 6 1
github.com/wirerift/wirerift/internal/server/http_proxy.go:118.19,120.17 2 1
github.com/wirerift/wirerift/internal/server/http_proxy.go:120.17,122.4 1 1
github.com/wirerift/wirerift/internal/server/http_proxy.go:123.3,123.18 1 1
github.com/wirerift/wirerift/internal/server/http_proxy.go:126.2,126.25 1 1
github.com/wirerift/wirerift/internal/server/http_proxy.go:130.63,133.16 3 1
github.com/wirerift/wirerift/internal/server/http_proxy.go:133.16,135.3 1 1
github.com/wirerift/wirerift/internal/server/http_proxy.go:136.2,136.18 1 1
github.com/wirerift/wirerift/internal/server/http_proxy.go:140.70,142.39 1 1
github.com/wirerift/wirerift/internal/server/http_proxy.go:142.39,143.32 1 1
github.com/wirerift/wirerift/internal/server/http_proxy.go:143.32,145.4 1 1
github.com/wirerift/wirerift/internal/server/http_proxy.go:149.2,152.22 2 1
github.com/wirerift/wirerift/internal/server/http_proxy.go:152.22,156.3 3 1
github.com/wirerift/wirerift/internal/server/http_proxy.go:158.2,158.12 1 1
github.com/wirerift/wirerift/internal/server/http_proxy.go:162.47,164.2 1 1
github.com/wirerift/wirerift/internal/server/http_proxy.go:167.34,170.2 2 1
github.com/wirerift/wirerift/internal/server/http_proxy.go:173.71,175.27 1 1
github.com/wirerift/wirerift/internal/server/http_proxy.go:175.27,177.3 1 1
github.com/wirerift/wirerift/internal/server/http_proxy.go:180.2,180.60 1 1
github.com/wirerift/wirerift/internal/server/http_proxy.go:180.60,182.3 1 1
github.com/wirerift/wirerift/internal/server/http_proxy.go:183.2,183.78 1 1
github.com/wirerift/wirerift/internal/server/http_proxy.go:183.78,185.3 1 1
github.com/wirerift/wirerift/internal/server/http_proxy.go:188.2,188.66 1 1
github.com/wirerift/wirerift/internal/server/http_proxy.go:188.66,190.3 1 1
github.com/wirerift/wirerift/internal/server/http_proxy.go:192.2,192.14 1 1
github.com/wirerift/wirerift/internal/server/server.go:70.29,82.2 1 1
github.com/wirerift/wirerift/internal/server/server.go:137.54,138.19 1 1
github.com/wirerift/wirerift/internal/server/server.go:138.19,140.3 1 1
github.com/wirerift/wirerift/internal/server/server.go:142.2,155.31 4 1
github.com/wirerift/wirerift/internal/server/server.go:155.31,157.3 1 1
github.com/wirerift/wirerift/internal/server/server.go:157.8,159.3 1 1
github.com/wirerift/wirerift/internal/server/server.go:161.2,161.10 1 1
github.com/wirerift/wirerift/internal/server/server.go:165.32,167.49 1 1
github.com/wirerift/wirerift/internal/server/server.go:167.49,169.3 1 1
github.com/wirerift/wirerift/internal/server/server.go:172.2,172.46 1 1
github.com/wirerift/wirerift/internal/server/server.go:172.46,174.3 1 1
github.com/wirerift/wirerift/internal/server/server.go:176.2,181.12 2 1
github.com/wirerift/wirerift/internal/server/server.go:185.31,189.30 2 1
github.com/wirerift/wirerift/internal/server/server.go:189.30,191.3 1 1
github.com/wirerift/wirerift/internal/server/server.go:192.2,192.27 1 1
github.com/wirerift/wirerift/internal/server/server.go:192.27,194.3 1 1
github.com/wirerift/wirerift/internal/server/server.go:195.2,195.28 1 1
github.com/wirerift/wirerift/internal/server/server.go:195.28,197.3 1 1
github.com/wirerift/wirerift/internal/server/server.go:200.2,200.45 1 1
github.com/wirerift/wirerift/internal/server/server.go:200.45,201.42 1 1
github.com/wirerift/wirerift/internal/server/server.go:201.42,203.4 1 1
github.com/wirerift/wirerift/internal/server/server.go:204.3,204.14 1 1
github.com/wirerift/wirerift/internal/server/server.go:207.2,210.12 3 1
github.com/wirerift/wirerift/internal/server/server.go:214.47,217.16 3 1
github.com/wirerift/wirerift/internal/server/server.go:217.16,219.3 1 1
github.com/wirerift/wirerift/internal/server/server.go:221.2,222.12 2 1
github.com/wirerift/wirerift/internal/server/server.go:222.12,225.3 2 1
github.com/wirerift/wirerift/internal/server/server.go:227.2,227.12 1 1
github.com/wirerift/wirerift/internal/server/server.go:231.45,232.6 1 1
github.com/wirerift/wirerift/internal/server/server.go:232.6,234.17 2 1
github.com/wirerift/wirerift/internal/server/server.go:234.17,235.11 1 1
github.com/wirerift/wirerift/internal/server/server.go:236.24,237.11 1 1
github.com/wirerift/wirerift/internal/server/server.go:238.12,238.12 0 1
github.com/wirerift/wirerift/internal/server/server.go:241.4,241.10 1 1
github.com/wirerift/wirerift/internal/server/server.go:244.3,245.13 2 1
github.com/wirerift/wirerift/internal/server/server.go:245.13,248.4 2 1
github.com/wirerift/wirerift/internal/server/server.go:253.33,257.19 4 1
github.com/wirerift/wirerift/internal/server/server.go:257.19,259.3 1 1
github.com/wirerift/wirerift/internal/server/server.go:260.2,260.18 1 1
github.com/wirerift/wirerift/internal/server/server.go:264.57,271.46 4 1
github.com/wirerift/wirerift/internal/server/server.go:271.46,274.3 2 1
github.com/wirerift/wirerift/internal/server/server.go:277.2,282.16 4 1
github.com/wirerift/wirerift/internal/server/server.go:282.16,286.3 3 1
github.com/wirerift/wirerift/internal/server/server.go:287.2,294.50 4 1
github.com/wirerift/wirerift/internal/server/server.go:298.80,300.9 1 1
github.com/wirerift/wirerift/internal/server/server.go:301.35,302.39 1 1
github.com/wirerift/wirerift/internal/server/server.go:302.39,304.4 1 1
github.com/wirerift/wirerift/internal/server/server.go:306.3,307.66 2 1
github.com/wirerift/wirerift/internal/server/server.go:307.66,309.4 1 1
github.com/wirerift/wirerift/internal/server/server.go:312.3,313.17 2 1
github.com/wirerift/wirerift/internal/server/server.go:313.17,319.4 4 1
github.com/wirerift/wirerift/internal/server/server.go:322.3,344.22 8 1
github.com/wirerift/wirerift/internal/server/server.go:346.38,347.41 1 1
github.com/wirerift/wirerift/internal/server/server.go:349.22,350.49 1 1
github.com/wirerift/wirerift/internal/server/server.go:355.69,356.6 1 1
github.com/wirerift/wirerift/internal/server/server.go:356.6,357.10 1 1
github.com/wirerift/wirerift/internal/server/server.go:358.36,359.22 1 1
github.com/wirerift/wirerift/internal/server/server.go:360.30,361.45 1 1
github.com/wirerift/wirerift/internal/server/server.go:362.32,363.40 1 1
github.com/wirerift/wirerift/internal/server/server.go:366.19,367.10 1 1
github.com/wirerift/wirerift/internal/server/server.go:369.23,370.10 1 1
github.com/wirerift/wirerift/internal/server/server.go:376.88,378.61 2 1
github.com/wirerift/wirerift/internal/server/server.go:378.61,383.3 4 1
github.com/wirerift/wirerift/internal/server/server.go:385.2,386.59 2 1
github.com/wirerift/wirerift/internal/server/server.go:386.59,392.3 5 1
github.com/wirerift/wirerift/internal/server/server.go:393.2,397.18 3 1
github.com/wirerift/wirerift/internal/server/server.go:398.28,400.22 2 1
github.com/wirerift/wirerift/internal/server/server.go:400.22,402.4 1 1
github.com/wirerift/wirerift/internal/server/server.go:405.3,405.71 1 1
github.com/wirerift/wirerift/internal/server/server.go:405.71,410.4 4 1
github.com/wirerift/wirerift/internal/server/server.go:412.3,436.90 9 1
github.com/wirerift/wirerift/internal/server/server.go:438.27,440.17 2 1
github.com/wirerift/wirerift/internal/server/server.go:440.17,445.4 4 1
github.com/wirerift/wirerift/internal/server/server.go:447.3,466.13 8 1
github.com/wirerift/wirerift/internal/server/server.go:466.13,469.4 2 1
github.com/wirerift/wirerift/internal/server/server.go:471.3,480.79 4 1
github.com/wirerift/wirerift/internal/server/server.go:482.10,485.38 3 1
github.com/wirerift/wirerift/internal/server/server.go:490.74,492.61 2 1
github.com/wirerift/wirerift/internal/server/server.go:492.61,494.3 1 1
github.com/wirerift/wirerift/internal/server/server.go:496.2,498.8 3 1
github.com/wirerift/wirerift/internal/server/server.go:498.8,500.3 1 1
github.com/wirerift/wirerift/internal/server/server.go:501.2,503.19 2 1
github.com/wirerift/wirerift/internal/server/server.go:503.19,505.3 1 1
github.com/wirerift/wirerift/internal/server/server.go:508.2,508.21 1 1
github.com/wirerift/wirerift/internal/server/server.go:509.28,510.37 1 1
github.com/wirerift/wirerift/internal/server/server.go:511.27,514.29 3 1
github.com/wirerift/wirerift/internal/server/server.go:517.2,517.52 1 1
github.com/wirerift/wirerift/internal/server/server.go:521.50,523.9 2 1
github.com/wirerift/wirerift/internal/server/server.go:523.9,525.3 1 1
github.com/wirerift/wirerift/internal/server/server.go:527.2,530.36 4 1
github.com/wirerift/wirerift/internal/server/server.go:530.36,532.3 1 1
github.com/wirerift/wirerift/internal/server/server.go:533.2,537.33 3 1
github.com/wirerift/wirerift/internal/server/server.go:537.33,538.22 1 1
github.com/wirerift/wirerift/internal/server/server.go:539.29,540.38 1 1
github.com/wirerift/wirerift/internal/server/server.go:541.28,544.30 3 1
github.com/wirerift/wirerift/internal/server/server.go:550.85,553.16 3 1
github.com/wirerift/wirerift/internal/server/server.go:553.16,556.3 2 1
github.com/wirerift/wirerift/internal/server/server.go:557.2,560.12 2 1
github.com/wirerift/wirerift/internal/server/server.go:560.12,561.10 1 1
github.com/wirerift/wirerift/internal/server/server.go:562.23,562.23 0 1
github.com/wirerift/wirerift/internal/server/server.go:563.29,563.29 0 1
github.com/wirerift/wirerift/internal/server/server.go:565.3,565.19 1 1
github.com/wirerift/wirerift/internal/server/server.go:568.2,568.6 1 1
github.com/wirerift/wirerift/internal/server/server.go:568.6,570.17 2 1
github.com/wirerift/wirerift/internal/server/server.go:570.17,572.4 1 1
github.com/wirerift/wirerift/internal/server/server.go:574.3,574.13 1 1
github.com/wirerift/wirerift/internal/server/server.go:574.13,577.4 2 1
github.com/wirerift/wirerift/internal/server/server.go:582.86,585.16 2 1
github.com/wirerift/wirerift/internal/server/server.go:585.16,587.3 1 1
github.com/wirerift/wirerift/internal/server/server.go:588.2,592.70 3 1
github.com/wirerift/wirerift/internal/server/server.go:592.70,594.3 1 1
github.com/wirerift/wirerift/internal/server/server.go:597.2,599.12 3 1
github.com/wirerift/wirerift/internal/server/server.go:599.12,603.3 3 1
github.com/wirerift/wirerift/internal/server/server.go:604.2,604.12 1 1
github.com/wirerift/wirerift/internal/server/server.go:604.12,608.3 3 1
github.com/wirerift/wirerift/internal/server/server.go:609.2,609.11 1 1
github.com/wirerift/wirerift/internal/server/server.go:613.44,616.16 3 1
github.com/wirerift/wirerift/internal/server/server.go:616.16,618.3 1 1
github.com/wirerift/wirerift/internal/server/server.go:620.2,624.12 4 1
github.com/wirerift/wirerift/internal/server/server.go:624.12,626.85 2 1
github.com/wirerift/wirerift/internal/server/server.go:626.85,628.4 1 1
github.com/wirerift/wirerift/internal/server/server.go:631.2,631.12 1 1
github.com/wirerift/wirerift/internal/server/server.go:635.76,639.21 3 1
github.com/wirerift/wirerift/internal/server/server.go:639.21,642.3 2 1
github.com/wirerift/wirerift/internal/server/server.go:645.2,646.9 2 1
github.com/wirerift/wirerift/internal/server/server.go:646.9,649.3 2 1
github.com/wirerift/wirerift/internal/server/server.go:652.2,653.9 2 1
github.com/wirerift/wirerift/internal/server/server.go:653.9,656.3 2 1
github.com/wirerift/wirerift/internal/server/server.go:659.2,659.45 1 1
github.com/wirerift/wirerift/internal/server/server.go:663.111,666.16 2 1
github.com/wirerift/wirerift/internal/server/server.go:666.16,669.3 2 1
github.com/wirerift/wirerift/internal/server/server.go:670.2,674.70 3 1
github.com/wirerift/wirerift/internal/server/server.go:674.70,677.3 2 1
github.com/wirerift/wirerift/internal/server/server.go:680.2,681.16 2 1
github.com/wirerift/wirerift/internal/server/server.go:681.16,684.3 2 1
github.com/wirerift/wirerift/internal/server/server.go:685.2,685.49 1 1
github.com/wirerift/wirerift/internal/server/server.go:685.49,688.3 2 1
github.com/wirerift/wirerift/internal/server/server.go:691.2,692.16 2 1
github.com/wirerift/wirerift/internal/server/server.go:692.16,695.3 2 1
github.com/wirerift/wirerift/internal/server/server.go:698.2,699.16 2 1
github.com/wirerift/wirerift/internal/server/server.go:699.16,702.3 2 1
github.com/wirerift/wirerift/internal/server/server.go:703.2,706.24 2 1
github.com/wirerift/wirerift/internal/server/server.go:710.73,711.44 1 1
github.com/wirerift/wirerift/internal/server/server.go:711.44,713.3 1 1
github.com/wirerift/wirerift/internal/server/server.go:714.2,714.19 1 1
github.com/wirerift/wirerift/internal/server/server.go:718.57,719.38 1 1
github.com/wirerift/wirerift/internal/server/server.go:719.38,721.3 1 1
github.com/wirerift/wirerift/internal/server/server.go:722.2,722.19 1 1
github.com/wirerift/wirerift/internal/server/server.go:726.46,727.51 1 1
github.com/wirerift/wirerift/internal/server/server.go:727.51,729.26 2 1
github.com/wirerift/wirerift/internal/server/server.go:729.26,732.4 2 1
github.com/wirerift/wirerift/internal/server/server.go:734.3,734.63 1 1
github.com/wirerift/wirerift/internal/server/server.go:734.63,736.4 1 1
github.com/wirerift/wirerift/internal/server/server.go:738.2,738.30 1 1
github.com/wirerift/wirerift/internal/server/server.go:742.40,744.2 1 1
github.com/wirerift/wirerift/internal/server/server.go:747.51,749.38 1 1
github.com/wirerift/wirerift/internal/server/server.go:749.38,750.21 1 1
github.com/wirerift/wirerift/internal/server/server.go:750.21,752.9 2 1
github.com/wirerift/wirerift/internal/server/server.go:757.2,758.30 2 1
github.com/wirerift/wirerift/internal/server/server.go:758.30,760.3 1 1
github.com/wirerift/wirerift/internal/server/server.go:761.2,761.44 1 1
github.com/wirerift/wirerift/internal/server/server.go:761.44,763.3 1 1
github.com/wirerift/wirerift/internal/server/server.go:765.2,765.37 1 1
github.com/wirerift/wirerift/internal/server/server.go:772.40,774.2 1 1
github.com/wirerift/wirerift/internal/server/server.go:798.45,800.44 2 1
github.com/wirerift/wirerift/internal/server/server.go:800.44,801.35 1 1
github.com/wirerift/wirerift/internal/server/server.go:801.35,814.4 4 1
github.com/wirerift/wirerift/internal/server/server.go:815.3,815.14 1 1
github.com/wirerift/wirerift/internal/server/server.go:817.2,817.16 1 1
github.com/wirerift/wirerift/internal/server/server.go:821.47,823.45 2 1
github.com/wirerift/wirerift/internal/server/server.go:823.45,824.39 1 1
github.com/wirerift/wirerift/internal/server/server.go:824.39,835.4 4 1
github.com/wirerift/wirerift/internal/server/server.go:836.3,836.14 1 1
github.com/wirerift/wirerift/internal/server/server.go:838.2,838.17 1 1
github.com/wirerift/wirerift/internal/server/server.go:842.49,846.44 3 1
github.com/wirerift/wirerift/internal/server/server.go:846.44,849.3 2 1
github.com/wirerift/wirerift/internal/server/server.go:851.2,851.45 1 1
github.com/wirerift/wirerift/internal/server/server.go:851.45,854.3 2 1
github.com/wirerift/wirerift/internal/server/server.go:856.2,861.3 1 1
github.com/wirerift/wirerift/internal/server/tcp_proxy.go:21.83,22.21 1 1
github.com/wirerift/wirerift/internal/server/tcp_proxy.go:22.21,24.3 1 1
github.com/wirerift/wirerift/internal/server/tcp_proxy.go:25.2,25.18 1 1
github.com/wirerift/wirerift/internal/server/tcp_proxy.go:25.18,27.3 1 1
github.com/wirerift/wirerift/internal/server/tcp_proxy.go:28.2,32.3 1 1
github.com/wirerift/wirerift/internal/server/tcp_proxy.go:36.91,45.2 2 1
github.com/wirerift/wirerift/internal/server/tcp_proxy.go:62.61,70.2 1 1
github.com/wirerift/wirerift/internal/server/tcp_proxy.go:73.50,77.14 3 1
github.com/wirerift/wirerift/internal/server/tcp_proxy.go:77.14,80.3 2 1
github.com/wirerift/wirerift/internal/server/tcp_proxy.go:82.2,82.44 1 1
github.com/wirerift/wirerift/internal/server/tcp_proxy.go:86.51,91.2 3 1
github.com/wirerift/wirerift/internal/server/tcp_proxy.go:94.35,98.14 3 1
github.com/wirerift/wirerift/internal/server/tcp_proxy.go:98.14,100.3 1 1
github.com/wirerift/wirerift/internal/server/tcp_proxy.go:101.2,104.31 2 1
github.com/wirerift/wirerift/internal/server/tcp_proxy.go:104.31,106.3 1 1
github.com/wirerift/wirerift/internal/server/tcp_proxy.go:107.2,110.23 2 1
github.com/wirerift/wirerift/internal/server/tcp_proxy.go:110.23,112.3 1 1
github.com/wirerift/wirerift/internal/server/tcp_proxy.go:114.2,114.12 1 1
github.com/wirerift/wirerift/internal/server/tcp_proxy.go:118.43,122.2 3 1
github.com/wirerift/wirerift/internal/server/tcp_proxy.go:125.78,133.12 6 1
github.com/wirerift/wirerift/internal/server/tcp_proxy.go:133.12,137.3 3 1
github.com/wirerift/wirerift/internal/server/tcp_proxy.go:140.2,141.12 2 1
github.com/wirerift/wirerift/internal/server/tcp_proxy.go:141.12,145.3 3 1
github.com/wirerift/wirerift/internal/server/tcp_proxy.go:147.2,148.27 2 1
github.com/wirerift/wirerift/internal/server/tcp_proxy.go:178.98,186.2 2 1
github.com/wirerift/wirerift/internal/server/tcp_proxy.go:189.99,197.2 2 1
